This is e-pTeX, Version 3.14159265-p3.6-141210-2.6 (utf8.euc) (TeX Live 2015) (preloaded format=platex 2015.7.14)  14 JUL 2015 15:41
entering extended mode
 restricted \write18 enabled.
 file:line:error style messages enabled.
 %&-line parsing enabled.
**ZHENGËåØÁÇä^^9b∏.tex -output-directory=/Users/UniVoid/workspace/33188/AirForce/doc/.texpadtmp /Users/UniVoid/workspace/33188/AirForce/doc/ZHENGËåØÁÇä^^9b∏.tex
(./ZHENGËåØÁÇä^^9b∏.tex
pLaTeX2e <2006/11/10> (based on LaTeX2e <2015/01/01> patch level 0)
Babel <3.9l> and hyphenation patterns for 79 languages loaded.
(/usr/local/texlive/2015/texmf-dist/tex/platex/base/jarticle.cls
Document Class: jarticle 2006/06/27 v1.6 Standard pLaTeX class
\c@@paper=\count81
(/usr/local/texlive/2015/texmf-dist/tex/platex/base/jsize10.clo
File: jsize10.clo 2006/06/27 v1.6 Standard pLaTeX file (size option)
)
\c@part=\count82
\c@section=\count83
\c@subsection=\count84
\c@subsubsection=\count85
\c@paragraph=\count86
\c@subparagraph=\count87
\c@figure=\count88
\c@table=\count89
\abovecaptionskip=\skip41
\belowcaptionskip=\skip42
\symmincho=\mathgroup4
LaTeX Font Info:    Overwriting symbol font `mincho' in version `bold'
(Font)                  JY1/mc/m/n --> JY1/gt/m/n on input line 601.
\toclineskip=\dimen118
\@lnumwidth=\dimen119
\bibindent=\dimen120
\heisei=\count90
) (/usr/local/texlive/2015/texmf-dist/tex/latex/listings/listings.sty (/usr/local/texlive/2015/texmf-dist/tex/latex/graphics/keyval.sty
Package: keyval 2014/10/28 v1.15 key=value parser (DPC)
\KV@toks@=\toks15
)
\lst@mode=\count91
\lst@gtempboxa=\box41
\lst@token=\toks16
\lst@length=\count92
\lst@currlwidth=\dimen121
\lst@column=\count93
\lst@pos=\count94
\lst@lostspace=\dimen122
\lst@width=\dimen123
\lst@newlines=\count95
\lst@lineno=\count96
\lst@maxwidth=\dimen124
 (/usr/local/texlive/2015/texmf-dist/tex/latex/listings/lstmisc.sty
File: lstmisc.sty 2014/09/06 1.5e (Carsten Heinz)
\c@lstnumber=\count97
\lst@skipnumbers=\count98
\lst@framebox=\box42
) (/usr/local/texlive/2015/texmf-dist/tex/latex/listings/listings.cfg
File: listings.cfg 2014/09/06 1.5e listings configuration
))
Package: listings 2014/09/06 1.5e (Carsten Heinz)
 (/usr/local/texlive/2015/texmf-dist/tex/latex/graphics/graphicx.sty
Package: graphicx 2014/10/28 v1.0g Enhanced LaTeX Graphics (DPC,SPQR)
 (/usr/local/texlive/2015/texmf-dist/tex/latex/graphics/graphics.sty
Package: graphics 2014/10/28 v1.0p Standard LaTeX Graphics (DPC,SPQR)
 (/usr/local/texlive/2015/texmf-dist/tex/latex/graphics/trig.sty
Package: trig 1999/03/16 v1.09 sin cos tan (DPC)
) (/usr/local/texlive/2015/texmf-dist/tex/latex/latexconfig/graphics.cfg
File: graphics.cfg 2010/04/23 v1.9 graphics configuration of TeX Live
)
Package graphics Info: Driver file: dvips.def on input line 94.
 (/usr/local/texlive/2015/texmf-dist/tex/latex/graphics/dvips.def
File: dvips.def 2014/10/14 v3.0j Driver-dependent file (DPC,SPQR)
))
\Gin@req@height=\dimen125
\Gin@req@width=\dimen126
) (/usr/local/texlive/2015/texmf-dist/tex/latex/graphics/color.sty
Package: color 2014/10/28 v1.1a Standard LaTeX Color (DPC)
 (/usr/local/texlive/2015/texmf-dist/tex/latex/latexconfig/color.cfg
File: color.cfg 2007/01/18 v1.5 color configuration of teTeX/TeXLive
)
Package color Info: Driver file: dvips.def on input line 142.
 (/usr/local/texlive/2015/texmf-dist/tex/latex/graphics/dvipsnam.def
File: dvipsnam.def 2014/10/14 v3.0j Driver-dependent file (DPC,SPQR)
)) (/Users/UniVoid/workspace/33188/AirForce/doc/.texpadtmp/ZHENGËåØÁÇä^^9b∏.aux) 
\openout1 = `ZHENGËåØÁÇä^^9b∏.aux'.

LaTeX Font Info:    Checking defaults for OML/cmm/m/it on input line 22.
LaTeX Font Info:    ... okay on input line 22.
LaTeX Font Info:    Checking defaults for T1/cmr/m/n on input line 22.
LaTeX Font Info:    ... okay on input line 22.
LaTeX Font Info:    Checking defaults for OT1/cmr/m/n on input line 22.
LaTeX Font Info:    ... okay on input line 22.
LaTeX Font Info:    Checking defaults for OMS/cmsy/m/n on input line 22.
LaTeX Font Info:    ... okay on input line 22.
LaTeX Font Info:    Checking defaults for OMX/cmex/m/n on input line 22.
LaTeX Font Info:    ... okay on input line 22.
LaTeX Font Info:    Checking defaults for U/cmr/m/n on input line 22.
LaTeX Font Info:    ... okay on input line 22.
LaTeX Font Info:    Checking defaults for JY1/mc/m/n on input line 22.
LaTeX Font Info:    ... okay on input line 22.
LaTeX Font Info:    Checking defaults for JT1/mc/m/n on input line 22.
LaTeX Font Info:    ... okay on input line 22.
\c@lstlisting=\count99
LaTeX Font Info:    External font `cmex10' loaded for size
(Font)              <12> on input line 23.
LaTeX Font Info:    External font `cmex10' loaded for size
(Font)              <8> on input line 23.
LaTeX Font Info:    External font `cmex10' loaded for size
(Font)              <6> on input line 23.
LaTeX Font Info:    Font shape `JT1/mc/bx/n' in size <14.4> not available
(Font)              Font shape `JT1/gt/m/n' tried instead on input line 24.
LaTeX Font Info:    Font shape `JY1/mc/bx/n' in size <14.4> not available
(Font)              Font shape `JY1/gt/m/n' tried instead on input line 24.
 (../report/ZHENG/comment-Zheng.tex
../report/ZHENG/comment-Zheng.tex:6: Text line contains an invalid character.
l.6 ...„ÉØ„Éº„ÇØ„ÇíÊ•Ω„Åó„ÇÅ„Çã„ÄÇ„Åä‰∫í„ÅÑ„Å´Êâã‰ºù„Åà„Å¶Ëá™ÂàÜ„ÅÆ^^H
                                                  ÁâπÊäÄ„ÇíÊçß„Åí„ÄÅ‰ªñ‰∫∫„ÅÆÂà©ÁÇπ„Åã„Çâ...
A funny symbol that I can't read has just been input.
Continue, and I'll forget that it ever happened.

) [1

] (/Users/UniVoid/workspace/33188/AirForce/doc/.texpadtmp/ZHENGËåØÁÇä^^9b∏.aux) ) 
Here is how much of TeX's memory you used:
 1972 strings out of 493777
 28178 string characters out of 6151334
 85463 words of memory out of 5000000
 5492 multiletter control sequences out of 15000+600000
 13101 words of font info for 51 fonts, out of 8000000 for 9000
 929 hyphenation exceptions out of 8191
 26i,6n,32p,495b,233s stack positions out of 5000i,500n,10000p,200000b,80000s

Output written on /Users/UniVoid/workspace/33188/AirForce/doc/.texpadtmp/ZHENGËåØÁÇä^^9b∏.dvi (1 page, 3152 bytes).
